<?xml version="1.0" ?>
<coverage version="7.6.1" timestamp="1755000000" line-rate="0.9">
  <sources>
    <source>/home/runner/work/demo-py/demo-py</source>
  </sources>
  <packages>
    <package name="app">
      <classes>
        <class name="app.svc" filename="app/svc.py">
          <lines>
            <line number="5" hits="1"/>
            <line number="6" hits="1"/>
            <line number="7" hits="1"/>
            <line number="8" hits="1"/>
            <line number="9" hits="1"/>
            <line number="10" hits="1"/>
            <line number="11" hits="1"/>
            <line number="12" hits="1"/>
            <line number="13" hits="1"/>
            <line number="14" hits="0"/>
          </lines>
        </class>
      </classes>
    </package>
  </packages>
</coverage>
